<?xml version="1.0" encoding="UTF-8"?>
<!-- Generated by org.testng.reporters.JUnitReportReporter -->
<testsuite hostname="LAPTOP-AI9CD3N0" failures="0" tests="2" name="CoverFoxUsingPOMAndExcel.CoverFoxTC2" time="8.565" errors="0" timestamp="2024-07-31T21:39:05 IST" skipped="0">
  <testcase classname="CoverFoxUsingPOMAndExcel.CoverFoxTC2" name="validatePresenceOfSortButton" time="4.421"/>
  <testcase classname="CoverFoxUsingPOMAndExcel.CoverFoxTC2" name="validateBanners" time="4.144"/>
</testsuite> <!-- CoverFoxUsingPOMAndExcel.CoverFoxTC2 -->
