<?xml version="1.0" encoding="UTF-8"?>
<!-- Generated by org.testng.reporters.JUnitReportReporter -->
<testsuite hostname="LAPTOP-AI9CD3N0" failures="0" tests="1" name="TestNGStudy.TestNew" time="0.012" errors="0" timestamp="2024-07-18T16:31:57 IST" skipped="0">
  <testcase classname="TestNGStudy.TestNew" name="f" time="0.012">
    <system-out>
      <![CDATA[Test Method is Running]]>
    </system-out>
  </testcase> <!-- f -->
  <system-out>
    <![CDATA[Before suite is running
Before test is running
Before class is running
Before method is running
Test Method is Running
After method is running
After class is running
After test is running
After suite is running]]>
  </system-out>
</testsuite> <!-- TestNGStudy.TestNew -->
