<?xml version="1.0" encoding="UTF-8"?>
<!-- Generated by org.testng.reporters.JUnitReportReporter -->
<testsuite hostname="LAPTOP-AI9CD3N0" failures="0" tests="3" name="TestNGKeyWords.EnabledTest" time="0.017" errors="0" timestamp="2024-07-19T17:47:22 IST" skipped="1">
  <testcase classname="TestNGKeyWords.EnabledTest" name="c" time="0.002">
    <system-out>
      <![CDATA[c Method is Running]]>
    </system-out>
  </testcase> <!-- c -->
  <testcase classname="TestNGKeyWords.EnabledTest" name="a" time="0.015">
    <system-out>
      <![CDATA[A Method is Running]]>
    </system-out>
  </testcase> <!-- a -->
  <testcase classname="TestNGKeyWords.EnabledTest" name="b">
    <skipped/>
  </testcase> <!-- b -->
  <system-out>
    <![CDATA[A Method is Running
c Method is Running]]>
  </system-out>
</testsuite> <!-- TestNGKeyWords.EnabledTest -->
