<?xml version="1.0" encoding="UTF-8"?>
<!-- Generated by org.testng.reporters.JUnitReportReporter -->
<testsuite hostname="LAPTOP-AI9CD3N0" failures="0" tests="3" name="CrossBrowserTesting.FBSignUP" time="55.537" errors="0" timestamp="2024-07-25T12:28:32 IST" skipped="0">
  <testcase classname="CrossBrowserTesting.FBSignUP" name="f" time="19.597"/>
  <testcase classname="CrossBrowserTesting.FBSignUP" name="f" time="15.951"/>
  <testcase classname="CrossBrowserTesting.FBSignUP" name="f" time="19.989"/>
</testsuite> <!-- CrossBrowserTesting.FBSignUP -->
