<?xml version="1.0" encoding="UTF-8"?>
<!-- Generated by org.testng.reporters.JUnitReportReporter -->
<testsuite hostname="LAPTOP-AI9CD3N0" failures="0" tests="4" name="TestNGXML.NewTest2" time="0.009" errors="0" timestamp="2024-07-21T11:00:48 IST" skipped="0">
  <testcase classname="TestNGXML.NewTest2" name="f" time="0.002">
    <system-out>
      <![CDATA[F is running]]>
    </system-out>
  </testcase> <!-- f -->
  <testcase classname="TestNGXML.NewTest2" name="g" time="0.002">
    <system-out>
      <![CDATA[G is running]]>
    </system-out>
  </testcase> <!-- g -->
  <testcase classname="TestNGXML.NewTest2" name="h" time="0.002">
    <system-out>
      <![CDATA[H is running]]>
    </system-out>
  </testcase> <!-- h -->
  <testcase classname="TestNGXML.NewTest2" name="e" time="0.003">
    <system-out>
      <![CDATA[E is running]]>
    </system-out>
  </testcase> <!-- e -->
  <system-out>
    <![CDATA[A is running
B is running
C is running
d is running
K is running
I is running
J is running
L is running
E is running
F is running
G is running
H is running]]>
  </system-out>
</testsuite> <!-- TestNGXML.NewTest2 -->
