<?xml version="1.0" encoding="UTF-8"?>
<!-- Generated by org.testng.reporters.JUnitReportReporter -->
<testsuite hostname="LAPTOP-AI9CD3N0" failures="0" tests="4" name="TestNGKeyWords.Sample" time="0.033" errors="0" timestamp="2024-07-19T17:15:21 IST" skipped="0">
  <testcase classname="TestNGKeyWords.Sample" name="mytest" time="0.022">
    <system-out>
      <![CDATA[My Test is running]]>
    </system-out>
  </testcase> <!-- mytest -->
  <testcase classname="TestNGKeyWords.Sample" name="mytest" time="0.004">
    <system-out>
      <![CDATA[My Test is running]]>
    </system-out>
  </testcase> <!-- mytest -->
  <testcase classname="TestNGKeyWords.Sample" name="mytest" time="0.003">
    <system-out>
      <![CDATA[My Test is running]]>
    </system-out>
  </testcase> <!-- mytest -->
  <testcase classname="TestNGKeyWords.Sample" name="mytest" time="0.004">
    <system-out>
      <![CDATA[My Test is running]]>
    </system-out>
  </testcase> <!-- mytest -->
  <system-out>
    <![CDATA[My Test is running
My Test is running
My Test is running
My Test is running]]>
  </system-out>
</testsuite> <!-- TestNGKeyWords.Sample -->
