<?xml version="1.0" encoding="UTF-8"?>
<!-- Generated by org.testng.reporters.JUnitReportReporter -->
<testsuite hostname="LAPTOP-AI9CD3N0" failures="0" tests="1" name="CrossBrowserTesting.FireFoxLaunch" time="4.670" errors="0" timestamp="2024-07-25T11:54:42 IST" skipped="0">
  <testcase classname="CrossBrowserTesting.FireFoxLaunch" name="f" time="4.670"/>
</testsuite> <!-- CrossBrowserTesting.FireFoxLaunch -->
