<?xml version="1.0" encoding="UTF-8"?>
<!-- Generated by org.testng.reporters.JUnitReportReporter -->
<testsuite hostname="LAPTOP-AI9CD3N0" failures="0" tests="4" name="TestNGKeyWords.MyClass" time="0.022" errors="0" timestamp="2024-07-29T20:11:46 IST" skipped="0">
  <testcase classname="TestNGKeyWords.MyClass" name="c" time="0.001">
    <system-out>
      <![CDATA[c is running]]>
    </system-out>
  </testcase> <!-- c -->
  <testcase classname="TestNGKeyWords.MyClass" name="b" time="0.002">
    <system-out>
      <![CDATA[b is running]]>
    </system-out>
  </testcase> <!-- b -->
  <testcase classname="TestNGKeyWords.MyClass" name="a" time="0.017">
    <system-out>
      <![CDATA[a is running]]>
    </system-out>
  </testcase> <!-- a -->
  <testcase classname="TestNGKeyWords.MyClass" name="d" time="0.002">
    <system-out>
      <![CDATA[d is running]]>
    </system-out>
  </testcase> <!-- d -->
  <system-out>
    <![CDATA[a is running
b is running
c is running
d is running]]>
  </system-out>
</testsuite> <!-- TestNGKeyWords.MyClass -->
