<?xml version="1.0" encoding="UTF-8"?>
<!-- Generated by org.testng.reporters.JUnitReportReporter -->
<testsuite hostname="LAPTOP-AI9CD3N0" failures="0" tests="1" name="TestNGXML.Amazon" time="15.184" errors="0" timestamp="2024-07-22T20:48:35 IST" skipped="0">
  <testcase classname="TestNGXML.Amazon" name="AmazonTest" time="15.184"/>
</testsuite> <!-- TestNGXML.Amazon -->
