<?xml version="1.0" encoding="UTF-8"?>
<!-- Generated by org.testng.reporters.JUnitReportReporter -->
<testsuite hostname="LAPTOP-AI9CD3N0" failures="0" tests="2" name="TestNGXML.NewTest5" time="0.034" errors="0" timestamp="2024-07-21T11:59:26 IST" skipped="0">
  <testcase classname="TestNGXML.NewTest5" name="f" time="0.030">
    <system-out>
      <![CDATA[F is running]]>
    </system-out>
  </testcase> <!-- f -->
  <testcase classname="TestNGXML.NewTest5" name="g" time="0.004">
    <system-out>
      <![CDATA[G is running]]>
    </system-out>
  </testcase> <!-- g -->
  <system-out>
    <![CDATA[F is running
G is running
A is running
C is running
d is running]]>
  </system-out>
</testsuite> <!-- TestNGXML.NewTest5 -->
