<?xml version="1.0" encoding="UTF-8"?>
<!-- Generated by org.testng.reporters.JUnitReportReporter -->
<testsuite hostname="LAPTOP-AI9CD3N0" failures="0" tests="2" name="TestNGStudy.BeforeAfterMethod" time="0.028" errors="0" timestamp="2024-07-13T18:08:08 IST" skipped="0">
  <testcase classname="TestNGStudy.BeforeAfterMethod" name="f" time="0.024">
    <system-out>
      <![CDATA[Test Method is Running]]>
    </system-out>
  </testcase> <!-- f -->
  <testcase classname="TestNGStudy.BeforeAfterMethod" name="f2" time="0.004">
    <system-out>
      <![CDATA[Test Method2 is Running]]>
    </system-out>
  </testcase> <!-- f2 -->
  <system-out>
    <![CDATA[Before Method1 is Running
Test Method is Running
After Method is Running
Before Method1 is Running
Test Method2 is Running
After Method is Running]]>
  </system-out>
</testsuite> <!-- TestNGStudy.BeforeAfterMethod -->
