<?xml version="1.0" encoding="UTF-8"?>
<!-- Generated by org.testng.reporters.JUnitReportReporter -->
<testsuite hostname="LAPTOP-AI9CD3N0" failures="0" tests="4" name="TestNGKeyWords.Sample1" time="0.021" errors="0" timestamp="2024-07-19T17:30:16 IST" skipped="0">
  <testcase classname="TestNGKeyWords.Sample1" name="d" time="0.015">
    <system-out>
      <![CDATA[d is running]]>
    </system-out>
  </testcase> <!-- d -->
  <testcase classname="TestNGKeyWords.Sample1" name="a" time="0.003">
    <system-out>
      <![CDATA[A is running]]>
    </system-out>
  </testcase> <!-- a -->
  <testcase classname="TestNGKeyWords.Sample1" name="c" time="0.001">
    <system-out>
      <![CDATA[C is running]]>
    </system-out>
  </testcase> <!-- c -->
  <testcase classname="TestNGKeyWords.Sample1" name="b" time="0.002">
    <system-out>
      <![CDATA[B is running]]>
    </system-out>
  </testcase> <!-- b -->
  <system-out>
    <![CDATA[d is running
A is running
C is running
B is running]]>
  </system-out>
</testsuite> <!-- TestNGKeyWords.Sample1 -->
