<?xml version="1.0" encoding="UTF-8"?>
<!-- Generated by org.testng.reporters.JUnitReportReporter -->
<testsuite hostname="LAPTOP-AI9CD3N0" failures="0" tests="3" name="TestNGKeyWords.DependsOnMethods" time="0.039" errors="0" timestamp="2024-07-22T21:37:14 IST" skipped="0">
  <testcase classname="TestNGKeyWords.DependsOnMethods" name="a" time="0.005">
    <system-out>
      <![CDATA[A Method is running]]>
    </system-out>
  </testcase> <!-- a -->
  <testcase classname="TestNGKeyWords.DependsOnMethods" name="b" time="0.030">
    <system-out>
      <![CDATA[b Method is running]]>
    </system-out>
  </testcase> <!-- b -->
  <testcase classname="TestNGKeyWords.DependsOnMethods" name="c" time="0.004">
    <system-out>
      <![CDATA[c Method is running]]>
    </system-out>
  </testcase> <!-- c -->
  <system-out>
    <![CDATA[b Method is running
c Method is running
A Method is running]]>
  </system-out>
</testsuite> <!-- TestNGKeyWords.DependsOnMethods -->
