<?xml version="1.0" encoding="UTF-8"?>
<!-- Generated by org.testng.reporters.JUnitReportReporter -->
<testsuite hostname="LAPTOP-AI9CD3N0" failures="0" tests="4" name="TestNGXML.NewTest3" time="0.010" errors="0" timestamp="2024-07-21T11:00:48 IST" skipped="0">
  <testcase classname="TestNGXML.NewTest3" name="K" time="0.002">
    <system-out>
      <![CDATA[K is running]]>
    </system-out>
  </testcase> <!-- K -->
  <testcase classname="TestNGXML.NewTest3" name="l" time="0.002">
    <system-out>
      <![CDATA[L is running]]>
    </system-out>
  </testcase> <!-- l -->
  <testcase classname="TestNGXML.NewTest3" name="j" time="0.002">
    <system-out>
      <![CDATA[J is running]]>
    </system-out>
  </testcase> <!-- j -->
  <testcase classname="TestNGXML.NewTest3" name="i" time="0.004">
    <system-out>
      <![CDATA[I is running]]>
    </system-out>
  </testcase> <!-- i -->
  <system-out>
    <![CDATA[A is running
B is running
C is running
d is running
K is running
I is running
J is running
L is running
E is running
F is running
G is running
H is running]]>
  </system-out>
</testsuite> <!-- TestNGXML.NewTest3 -->
