<?xml version="1.0" encoding="UTF-8"?>
<!-- Generated by org.testng.reporters.JUnitReportReporter -->
<testsuite hostname="LAPTOP-AI9CD3N0" failures="0" tests="2" name="CoverFoxTest.CoverFoxTC1" time="8.518" errors="0" timestamp="2024-08-01T15:02:32 IST" skipped="0">
  <testcase classname="CoverFoxTest.CoverFoxTC1" name="validateBanners" time="4.172">
    <system-out>
      <![CDATA[getting get plan numbers from banners
getting get plan numbers from String]]>
    </system-out>
  </testcase> <!-- validateBanners -->
  <testcase classname="CoverFoxTest.CoverFoxTC1" name="validatePresenceOfSortButton" time="4.346">
    <system-out>
      <![CDATA[Checking if sort plan filter is displayed
taking screenShot 
Saving file at location C:\Users\lenovo\eclipse-workspace\March23_Selenium\ScreenShots\validatePresenceOfSortButton.png]]>
    </system-out>
  </testcase> <!-- validatePresenceOfSortButton -->
  <system-out>
    <![CDATA[launching browser
Waiting...
Clicking on gender button
clicking on next button
Handling dropdown
clicking on next button
entering pin code
entering mobile number
clicking on next button
getting get plan numbers from banners
getting get plan numbers from String
Checking if sort plan filter is displayed
taking screenShot 
Saving file at location C:\Users\lenovo\eclipse-workspace\March23_Selenium\ScreenShots\validatePresenceOfSortButton.png
closing browser]]>
  </system-out>
</testsuite> <!-- CoverFoxTest.CoverFoxTC1 -->
