<?xml version="1.0" encoding="UTF-8"?>
<!-- Generated by org.testng.reporters.JUnitReportReporter -->
<testsuite hostname="LAPTOP-AI9CD3N0" failures="0" tests="1" name="TestNGXML.Ajio" time="15.192" errors="0" timestamp="2024-07-22T20:48:35 IST" skipped="0">
  <testcase classname="TestNGXML.Ajio" name="AjioTest" time="15.192"/>
</testsuite> <!-- TestNGXML.Ajio -->
