<?xml version="1.0" encoding="UTF-8"?>
<!-- Generated by org.testng.reporters.JUnitReportReporter -->
<testsuite hostname="LAPTOP-AI9CD3N0" failures="0" tests="1" name="DataProviders.FBSignUpUsingProperties" time="8.210" errors="0" timestamp="2024-07-29T21:59:46 IST" skipped="0">
  <testcase classname="DataProviders.FBSignUpUsingProperties" name="f" time="8.210"/>
</testsuite> <!-- DataProviders.FBSignUpUsingProperties -->
