<?xml version="1.0" encoding="UTF-8"?>
<!-- Generated by org.testng.reporters.JUnitReportReporter -->
<testsuite hostname="LAPTOP-AI9CD3N0" failures="0" tests="4" name="TestNGStudy.MyClass" time="0.035" errors="0" timestamp="2024-07-13T17:41:07 IST" skipped="0">
  <testcase classname="TestNGStudy.MyClass" name="f2" time="0.004"/>
  <testcase classname="TestNGStudy.MyClass" name="f1" time="0.002"/>
  <testcase classname="TestNGStudy.MyClass" name="f" time="0.026">
    <system-out>
      <![CDATA[This is a Reporter
This is a Reporter
This is a Reporter]]>
    </system-out>
  </testcase> <!-- f -->
  <testcase classname="TestNGStudy.MyClass" name="f3" time="0.003"/>
  <system-out>
    <![CDATA[This is a Reporter
This is a Reporter
This is a Reporter]]>
  </system-out>
</testsuite> <!-- TestNGStudy.MyClass -->
