<?xml version="1.0" encoding="UTF-8"?>
<!-- Generated by org.testng.reporters.JUnitReportReporter -->
<testsuite hostname="LAPTOP-AI9CD3N0" failures="0" tests="3" name="TestNGXML.NewTest4" time="0.013" errors="0" timestamp="2024-07-21T11:59:26 IST" skipped="0">
  <testcase classname="TestNGXML.NewTest4" name="d" time="0.004">
    <system-out>
      <![CDATA[d is running]]>
    </system-out>
  </testcase> <!-- d -->
  <testcase classname="TestNGXML.NewTest4" name="c" time="0.004">
    <system-out>
      <![CDATA[C is running]]>
    </system-out>
  </testcase> <!-- c -->
  <testcase classname="TestNGXML.NewTest4" name="a" time="0.005">
    <system-out>
      <![CDATA[A is running]]>
    </system-out>
  </testcase> <!-- a -->
  <system-out>
    <![CDATA[F is running
G is running
A is running
C is running
d is running]]>
  </system-out>
</testsuite> <!-- TestNGXML.NewTest4 -->
