<?xml version="1.0" encoding="UTF-8"?>
<!-- Generated by org.testng.reporters.JUnitReportReporter -->
<testsuite hostname="LAPTOP-AI9CD3N0" failures="0" tests="5" name="DataProviders.FBSignUp" time="82.112" errors="0" timestamp="2024-07-29T17:52:09 IST" skipped="0">
  <testcase classname="DataProviders.FBSignUp" name="f" time="13.773"/>
  <testcase classname="DataProviders.FBSignUp" name="f" time="17.950"/>
  <testcase classname="DataProviders.FBSignUp" name="f" time="14.504"/>
  <testcase classname="DataProviders.FBSignUp" name="f" time="16.540"/>
  <testcase classname="DataProviders.FBSignUp" name="f" time="19.345"/>
</testsuite> <!-- DataProviders.FBSignUp -->
