<?xml version="1.0" encoding="UTF-8"?>
<!-- Generated by org.testng.reporters.JUnitReportReporter -->
<testsuite hostname="LAPTOP-AI9CD3N0" failures="0" tests="3" name="TestNGXML.NewTest1" time="0.031" errors="0" timestamp="2024-07-21T11:33:35 IST" skipped="0">
  <testcase classname="TestNGXML.NewTest1" name="d" time="0.007">
    <system-out>
      <![CDATA[d is running]]>
    </system-out>
  </testcase> <!-- d -->
  <testcase classname="TestNGXML.NewTest1" name="b" time="0.003">
    <system-out>
      <![CDATA[B is running]]>
    </system-out>
  </testcase> <!-- b -->
  <testcase classname="TestNGXML.NewTest1" name="a" time="0.021">
    <system-out>
      <![CDATA[A is running]]>
    </system-out>
  </testcase> <!-- a -->
  <system-out>
    <![CDATA[A is running
B is running
d is running]]>
  </system-out>
</testsuite> <!-- TestNGXML.NewTest1 -->
