<?xml version="1.0" encoding="UTF-8"?>
<!-- Generated by org.testng.reporters.JUnitReportReporter -->
<testsuite hostname="LAPTOP-AI9CD3N0" failures="0" tests="4" name="TestNGKeyWords.MultipleKeywords" time="0.027" errors="0" timestamp="2024-07-19T18:27:48 IST" skipped="1">
  <testcase classname="TestNGKeyWords.MultipleKeywords" name="b" time="0.020">
    <system-out>
      <![CDATA[b Method is Running]]>
    </system-out>
  </testcase> <!-- b -->
  <testcase classname="TestNGKeyWords.MultipleKeywords" name="b" time="0.002">
    <system-out>
      <![CDATA[b Method is Running]]>
    </system-out>
  </testcase> <!-- b -->
  <testcase classname="TestNGKeyWords.MultipleKeywords" name="a" time="0.005">
    <system-out>
      <![CDATA[A Method is Running]]>
    </system-out>
  </testcase> <!-- a -->
  <testcase classname="TestNGKeyWords.MultipleKeywords" name="c">
    <skipped/>
  </testcase> <!-- c -->
  <system-out>
    <![CDATA[b Method is Running
b Method is Running
A Method is Running]]>
  </system-out>
</testsuite> <!-- TestNGKeyWords.MultipleKeywords -->
